<?xml version="1.0" encoding="UTF-8"?>
<!-- Generated by org.testng.reporters.JUnitXMLReporter -->
<testsuite hostname="HSNMM-AbhishekB" name="Chrome Test" tests="4" failures="0" timestamp="28 Dec 2016 11:24:01 GMT" time="31.174" errors="0">
  <testcase name="loginTest" time="9.134" classname="sample.test.LoginTest"/>
  <testcase name="loginTest" time="5.556" classname="sample.test.LoginTest"/>
  <testcase name="checkHotelDetailsTest" time="8.488" classname="sample.test.HotelBookingTest"/>
  <testcase name="bookHotelTest" time="5.752" classname="sample.test.HotelBookingTest"/>
</testsuite> <!-- Chrome Test -->
