<?xml version="1.0" encoding="UTF-8"?>
<!-- Generated by org.testng.reporters.JUnitXMLReporter -->
<testsuite hostname="HSNMM-AbhishekB" name="Chrome Test" tests="4" failures="0" timestamp="29 Dec 2016 11:36:37 GMT" time="35.772" errors="0">
  <testcase name="loginTest" time="10.082" classname="sample.test.LoginTest"/>
  <testcase name="loginTest" time="6.896" classname="sample.test.LoginTest"/>
  <testcase name="checkHotelDetailsTest" time="10.033" classname="sample.test.HotelBookingTest"/>
  <testcase name="bookHotelTest" time="5.911" classname="sample.test.HotelBookingTest"/>
</testsuite> <!-- Chrome Test -->
