<?xml version="1.0" encoding="UTF-8"?>
<!-- Generated by org.testng.reporters.JUnitXMLReporter -->
<testsuite hostname="HSNMM-AbhishekB" name="Firefox Test" tests="4" failures="0" timestamp="29 Dec 2016 11:37:50 GMT" time="108.451" errors="0">
  <testcase name="loginTest" time="16.462" classname="sample.test.LoginTest"/>
  <testcase name="loginTest" time="37.607" classname="sample.test.LoginTest"/>
  <testcase name="checkHotelDetailsTest" time="31.872" classname="sample.test.HotelBookingTest"/>
  <testcase name="bookHotelTest" time="5.953" classname="sample.test.HotelBookingTest"/>
</testsuite> <!-- Firefox Test -->
