<?xml version="1.0" encoding="UTF-8"?>
<!-- Generated by org.testng.reporters.JUnitXMLReporter -->
<testsuite hostname="HSNMM-AbhishekB" name="Firefox Test" tests="4" failures="0" timestamp="28 Dec 2016 11:24:13 GMT" time="42.578" errors="0">
  <testcase name="loginTest" time="7.681" classname="sample.test.LoginTest"/>
  <testcase name="loginTest" time="5.33" classname="sample.test.LoginTest"/>
  <testcase name="checkHotelDetailsTest" time="14.039" classname="sample.test.HotelBookingTest"/>
  <testcase name="bookHotelTest" time="8.179" classname="sample.test.HotelBookingTest"/>
</testsuite> <!-- Firefox Test -->
