<?xml version="1.0" encoding="UTF-8"?>
<testng-results skipped="0" failed="0" total="8" passed="8">
  <reporter-output>
  </reporter-output>
  <suite name="MainSuite" duration-ms="108457" started-at="2016-12-29T11:36:01Z" finished-at="2016-12-29T11:37:50Z">
    <groups>
    </groups>
    <test name="Chrome Test" duration-ms="35772" started-at="2016-12-29T11:36:01Z" finished-at="2016-12-29T11:36:37Z">
      <class name="sample.test.HotelBookingTest">
        <test-method status="PASS" signature="checkHotelDetailsTest(java.lang.String)[pri:0, instance:sample.test.HotelBookingTest@547079b2]" name="checkHotelDetailsTest" duration-ms="10033" started-at="2016-12-29T17:06:21Z" finished-at="2016-12-29T17:06:31Z">
          <params>
            <param index="0">
              <value>
                <![CDATA[chrome]]>
              </value>
            </param>
          </params>
          <reporter-output>
          </reporter-output>
        </test-method> <!-- checkHotelDetailsTest -->
        <test-method status="PASS" signature="bookHotelTest(java.lang.String)[pri:0, instance:sample.test.HotelBookingTest@547079b2]" name="bookHotelTest" duration-ms="5911" started-at="2016-12-29T17:06:31Z" finished-at="2016-12-29T17:06:37Z">
          <params>
            <param index="0">
              <value>
                <![CDATA[chrome]]>
              </value>
            </param>
          </params>
          <reporter-output>
          </reporter-output>
        </test-method> <!-- bookHotelTest -->
      </class> <!-- sample.test.HotelBookingTest -->
      <class name="sample.test.LoginTest">
        <test-method status="PASS" signature="browserSetup(java.lang.String)[pri:0, instance:sample.test.LoginTest@12cb1b59]" name="browserSetup" is-config="true" duration-ms="2785" started-at="2016-12-29T17:06:01Z" finished-at="2016-12-29T17:06:04Z">
          <params>
            <param index="0">
              <value>
                <![CDATA[chrome]]>
              </value>
            </param>
          </params>
          <reporter-output>
          </reporter-output>
        </test-method> <!-- browserSetup -->
        <test-method status="PASS" signature="loginTest(java.lang.String, java.lang.String, java.lang.String, int)[pri:0, instance:sample.test.LoginTest@12cb1b59]" name="loginTest" duration-ms="10082" started-at="2016-12-29T17:06:04Z" description="login Test" data-provider="login" finished-at="2016-12-29T17:06:14Z">
          <params>
            <param index="0">
              <value>
                <![CDATA[http://phptravels.net/login]]>
              </value>
            </param>
            <param index="1">
              <value>
                <![CDATA[sd]]>
              </value>
            </param>
            <param index="2">
              <value>
                <![CDATA[sd]]>
              </value>
            </param>
            <param index="3">
              <value>
                <![CDATA[0]]>
              </value>
            </param>
          </params>
          <reporter-output>
          </reporter-output>
        </test-method> <!-- loginTest -->
        <test-method status="PASS" signature="loginTest(java.lang.String, java.lang.String, java.lang.String, int)[pri:0, instance:sample.test.LoginTest@12cb1b59]" name="loginTest" duration-ms="6896" started-at="2016-12-29T17:06:14Z" description="login Test" data-provider="login" finished-at="2016-12-29T17:06:21Z">
          <params>
            <param index="0">
              <value>
                <![CDATA[http://phptravels.net/login]]>
              </value>
            </param>
            <param index="1">
              <value>
                <![CDATA[user@phptravels.com]]>
              </value>
            </param>
            <param index="2">
              <value>
                <![CDATA[demouser]]>
              </value>
            </param>
            <param index="3">
              <value>
                <![CDATA[2]]>
              </value>
            </param>
          </params>
          <reporter-output>
          </reporter-output>
        </test-method> <!-- loginTest -->
      </class> <!-- sample.test.LoginTest -->
    </test> <!-- Chrome Test -->
    <test name="Firefox Test" duration-ms="108451" started-at="2016-12-29T11:36:01Z" finished-at="2016-12-29T11:37:50Z">
      <class name="sample.test.HotelBookingTest">
        <test-method status="PASS" signature="checkHotelDetailsTest(java.lang.String)[pri:0, instance:sample.test.HotelBookingTest@18c40bf8]" name="checkHotelDetailsTest" duration-ms="31872" started-at="2016-12-29T17:07:12Z" finished-at="2016-12-29T17:07:44Z">
          <params>
            <param index="0">
              <value>
                <![CDATA[firefox]]>
              </value>
            </param>
          </params>
          <reporter-output>
          </reporter-output>
        </test-method> <!-- checkHotelDetailsTest -->
        <test-method status="PASS" signature="bookHotelTest(java.lang.String)[pri:0, instance:sample.test.HotelBookingTest@18c40bf8]" name="bookHotelTest" duration-ms="5953" started-at="2016-12-29T17:07:44Z" finished-at="2016-12-29T17:07:50Z">
          <params>
            <param index="0">
              <value>
                <![CDATA[firefox]]>
              </value>
            </param>
          </params>
          <reporter-output>
          </reporter-output>
        </test-method> <!-- bookHotelTest -->
      </class> <!-- sample.test.HotelBookingTest -->
      <class name="sample.test.LoginTest">
        <test-method status="PASS" signature="setup()[pri:0, instance:sample.test.LoginTest@97bb56d]" name="setup" is-config="true" duration-ms="10" started-at="2016-12-29T17:06:01Z" finished-at="2016-12-29T17:06:01Z">
          <reporter-output>
          </reporter-output>
        </test-method> <!-- setup -->
        <test-method status="PASS" signature="browserSetup(java.lang.String)[pri:0, instance:sample.test.LoginTest@97bb56d]" name="browserSetup" is-config="true" duration-ms="16536" started-at="2016-12-29T17:06:01Z" finished-at="2016-12-29T17:06:18Z">
          <params>
            <param index="0">
              <value>
                <![CDATA[firefox]]>
              </value>
            </param>
          </params>
          <reporter-output>
          </reporter-output>
        </test-method> <!-- browserSetup -->
        <test-method status="PASS" signature="loginTest(java.lang.String, java.lang.String, java.lang.String, int)[pri:0, instance:sample.test.LoginTest@97bb56d]" name="loginTest" duration-ms="16462" started-at="2016-12-29T17:06:18Z" description="login Test" data-provider="login" finished-at="2016-12-29T17:06:34Z">
          <params>
            <param index="0">
              <value>
                <![CDATA[http://phptravels.net/login]]>
              </value>
            </param>
            <param index="1">
              <value>
                <![CDATA[sd]]>
              </value>
            </param>
            <param index="2">
              <value>
                <![CDATA[sd]]>
              </value>
            </param>
            <param index="3">
              <value>
                <![CDATA[0]]>
              </value>
            </param>
          </params>
          <reporter-output>
          </reporter-output>
        </test-method> <!-- loginTest -->
        <test-method status="PASS" signature="loginTest(java.lang.String, java.lang.String, java.lang.String, int)[pri:0, instance:sample.test.LoginTest@97bb56d]" name="loginTest" duration-ms="37607" started-at="2016-12-29T17:06:34Z" description="login Test" data-provider="login" finished-at="2016-12-29T17:07:12Z">
          <params>
            <param index="0">
              <value>
                <![CDATA[http://phptravels.net/login]]>
              </value>
            </param>
            <param index="1">
              <value>
                <![CDATA[user@phptravels.com]]>
              </value>
            </param>
            <param index="2">
              <value>
                <![CDATA[demouser]]>
              </value>
            </param>
            <param index="3">
              <value>
                <![CDATA[2]]>
              </value>
            </param>
          </params>
          <reporter-output>
          </reporter-output>
        </test-method> <!-- loginTest -->
        <test-method status="PASS" signature="driverClose()[pri:0, instance:sample.test.LoginTest@97bb56d]" name="driverClose" is-config="true" duration-ms="2348" started-at="2016-12-29T17:07:50Z" finished-at="2016-12-29T17:07:52Z">
          <reporter-output>
          </reporter-output>
        </test-method> <!-- driverClose -->
        <test-method status="PASS" signature="sendMail()[pri:0, instance:sample.test.LoginTest@97bb56d]" name="sendMail" is-config="true" duration-ms="13176" started-at="2016-12-29T17:07:52Z" finished-at="2016-12-29T17:08:05Z">
          <reporter-output>
          </reporter-output>
        </test-method> <!-- sendMail -->
      </class> <!-- sample.test.LoginTest -->
    </test> <!-- Firefox Test -->
  </suite> <!-- MainSuite -->
</testng-results>
